base/Library/Bee/Android/Prj/Mono2x/Gradle/unityLibrary/build/intermediates/manifest_merge_blame_file/release/manifest-merger-blame-release-report.txt
1<?xml version="1.0" encoding="utf-8"?>
2<manifest xmlns:android="http://schemas.android.com/apk/res/android"
3    xmlns:tools="http://schemas.android.com/tools"
4    package="com.unity3d.player"
5    android:installLocation="auto"
6    android:versionCode="1"
7    android:versionName="0.1" >
8
9    <uses-sdk
10        android:minSdkVersion="23"
10-->src/main/AndroidManifest.xml
11        android:targetSdkVersion="30" />
11-->src/main/AndroidManifest.xml
12
13    <uses-feature android:glEsVersion="0x00030000" />
13-->src/main/AndroidManifest.xml:26:3-52
13-->src/main/AndroidManifest.xml:26:17-49
14
15    <uses-permission android:name="android.permission.INTERNET" />
15-->src/main/AndroidManifest.xml:27:3-65
15-->src/main/AndroidManifest.xml:27:20-62
16    <uses-permission android:name="android.permission.ACCESS_NETWORK_STATE" />
16-->src/main/AndroidManifest.xml:28:3-77
16-->src/main/AndroidManifest.xml:28:20-74
17    <uses-permission android:name="android.permission.RECORD_AUDIO" />
17-->src/main/AndroidManifest.xml:29:3-69
17-->src/main/AndroidManifest.xml:29:20-66
18    <uses-permission android:name="android.permission.MODIFY_AUDIO_SETTINGS" />
18-->src/main/AndroidManifest.xml:30:3-78
18-->src/main/AndroidManifest.xml:30:20-75
19
20    <uses-feature
20-->src/main/AndroidManifest.xml:31:3-87
21        android:name="android.hardware.microphone"
21-->src/main/AndroidManifest.xml:31:17-59
22        android:required="false" />
22-->src/main/AndroidManifest.xml:31:60-84
23    <uses-feature
23-->src/main/AndroidManifest.xml:32:3-88
24        android:name="android.hardware.touchscreen"
24-->src/main/AndroidManifest.xml:32:17-60
25        android:required="false" />
25-->src/main/AndroidManifest.xml:32:61-85
26    <uses-feature
26-->src/main/AndroidManifest.xml:33:3-99
27        android:name="android.hardware.touchscreen.multitouch"
27-->src/main/AndroidManifest.xml:33:17-71
28        android:required="false" />
28-->src/main/AndroidManifest.xml:33:72-96
29    <uses-feature
29-->src/main/AndroidManifest.xml:34:3-108
30        android:name="android.hardware.touchscreen.multitouch.distinct"
30-->src/main/AndroidManifest.xml:34:17-80
31        android:required="false" />
31-->src/main/AndroidManifest.xml:34:81-105
32    <uses-feature
32-->src/main/AndroidManifest.xml:35:3-111
33        android:name="android.hardware.vr.headtracking"
33-->src/main/AndroidManifest.xml:35:17-64
34        android:required="true"
34-->src/main/AndroidManifest.xml:35:85-108
35        android:version="1" />
35-->src/main/AndroidManifest.xml:35:65-84
36    <uses-feature
36-->src/main/AndroidManifest.xml:36:3-87
37        android:name="oculus.software.handtracking"
37-->src/main/AndroidManifest.xml:36:17-60
38        android:required="true" />
38-->src/main/AndroidManifest.xml:36:61-84
39
40    <uses-permission android:name="com.oculus.permission.HAND_TRACKING" />
40-->src/main/AndroidManifest.xml:37:3-73
40-->src/main/AndroidManifest.xml:37:20-70
41
42    <application
42-->src/main/AndroidManifest.xml:3:3-25:17
43        android:allowBackup="false"
43-->src/main/AndroidManifest.xml:3:114-141
44        android:extractNativeLibs="true"
44-->src/main/AndroidManifest.xml:3:16-48
45        android:icon="@mipmap/app_icon"
45-->src/main/AndroidManifest.xml:3:82-113
46        android:label="@string/app_name"
46-->src/main/AndroidManifest.xml:3:49-81
47        android:networkSecurityConfig="@xml/network_sec_config" >
47-->src/main/AndroidManifest.xml:3:142-197
48        <activity
48-->src/main/AndroidManifest.xml:4:5-13:16
49            android:name="com.unity3d.player.UnityPlayerActivity"
49-->src/main/AndroidManifest.xml:4:15-68
50            android:configChanges="keyboard|keyboardHidden|navigation|orientation|screenLayout|screenSize|uiMode"
50-->src/main/AndroidManifest.xml:4:204-305
51            android:hardwareAccelerated="false"
51-->src/main/AndroidManifest.xml:4:341-376
52            android:launchMode="singleTask"
52-->src/main/AndroidManifest.xml:4:172-203
53            android:resizeableActivity="false"
53-->src/main/AndroidManifest.xml:4:306-340
54            android:screenOrientation="landscape"
54-->src/main/AndroidManifest.xml:4:134-171
55            android:theme="@android:style/Theme.Black.NoTitleBar.Fullscreen" >
55-->src/main/AndroidManifest.xml:4:69-133
56            <intent-filter>
56-->src/main/AndroidManifest.xml:5:7-9:23
57                <action android:name="android.intent.action.MAIN" />
57-->src/main/AndroidManifest.xml:6:9-61
57-->src/main/AndroidManifest.xml:6:17-58
58
59                <category android:name="android.intent.category.LAUNCHER" />
59-->src/main/AndroidManifest.xml:7:9-69
59-->src/main/AndroidManifest.xml:7:19-66
60                <category android:name="com.oculus.intent.category.VR" />
60-->src/main/AndroidManifest.xml:8:9-66
60-->src/main/AndroidManifest.xml:8:19-63
61            </intent-filter>
62
63            <meta-data
63-->src/main/AndroidManifest.xml:10:7-82
64                android:name="unityplayer.UnityActivity"
64-->src/main/AndroidManifest.xml:10:18-58
65                android:value="true" />
65-->src/main/AndroidManifest.xml:10:59-79
66            <meta-data
66-->src/main/AndroidManifest.xml:11:7-78
67                android:name="android.notch_support"
67-->src/main/AndroidManifest.xml:11:18-54
68                android:value="true" />
68-->src/main/AndroidManifest.xml:11:55-75
69            <meta-data
69-->src/main/AndroidManifest.xml:12:7-81
70                android:name="com.oculus.vr.focusaware"
70-->src/main/AndroidManifest.xml:12:18-57
71                android:value="true" />
71-->src/main/AndroidManifest.xml:12:58-78
72        </activity>
73
74        <meta-data
74-->src/main/AndroidManifest.xml:14:5-69
75            android:name="unity.splash-mode"
75-->src/main/AndroidManifest.xml:14:16-48
76            android:value="0" />
76-->src/main/AndroidManifest.xml:14:49-66
77        <meta-data
77-->src/main/AndroidManifest.xml:15:5-74
78            android:name="unity.splash-enable"
78-->src/main/AndroidManifest.xml:15:16-50
79            android:value="True" />
79-->src/main/AndroidManifest.xml:15:51-71
80        <meta-data
80-->src/main/AndroidManifest.xml:16:5-78
81            android:name="unity.launch-fullscreen"
81-->src/main/AndroidManifest.xml:16:16-54
82            android:value="True" />
82-->src/main/AndroidManifest.xml:16:55-75
83        <meta-data
83-->src/main/AndroidManifest.xml:17:5-84
84            android:name="unity.allow-resizable-window"
84-->src/main/AndroidManifest.xml:17:16-59
85            android:value="False" />
85-->src/main/AndroidManifest.xml:17:60-81
86        <meta-data
86-->src/main/AndroidManifest.xml:18:5-81
87            android:name="notch.config"
87-->src/main/AndroidManifest.xml:18:16-43
88            android:value="portrait|landscape" />
88-->src/main/AndroidManifest.xml:18:44-78
89        <meta-data
89-->src/main/AndroidManifest.xml:19:5-88
90            android:name="com.oculus.handtracking.frequency"
90-->src/main/AndroidManifest.xml:19:16-64
91            android:value="HIGH" />
91-->src/main/AndroidManifest.xml:19:65-85
92        <meta-data
92-->src/main/AndroidManifest.xml:20:5-97
93            android:name="com.samsung.android.vr.application.mode"
93-->src/main/AndroidManifest.xml:20:16-70
94            android:value="vr_only" />
94-->src/main/AndroidManifest.xml:20:71-94
95        <meta-data
95-->src/main/AndroidManifest.xml:21:5-91
96            android:name="com.unity.xr.oculus.LowOverheadMode"
96-->src/main/AndroidManifest.xml:21:16-66
97            android:value="false" />
97-->src/main/AndroidManifest.xml:21:67-88
98        <meta-data
98-->src/main/AndroidManifest.xml:22:5-88
99            android:name="com.unity.xr.oculus.LateLatching"
99-->src/main/AndroidManifest.xml:22:16-63
100            android:value="false" />
100-->src/main/AndroidManifest.xml:22:64-85
101        <meta-data
101-->src/main/AndroidManifest.xml:23:5-93
102            android:name="com.unity.xr.oculus.LateLatchingDebug"
102-->src/main/AndroidManifest.xml:23:16-68
103            android:value="false" />
103-->src/main/AndroidManifest.xml:23:69-90
104        <meta-data
104-->src/main/AndroidManifest.xml:24:5-90
105            android:name="com.oculus.supportedDevices"
105-->src/main/AndroidManifest.xml:24:16-58
106            android:value="quest|quest2" />
106-->src/main/AndroidManifest.xml:24:59-87
107    </application>
108
109</manifest>